<?xml version="1.0" encoding="UTF-8"?>
<!-- Generated by org.testng.reporters.JUnitReportReporter -->
<testsuite skipped="0" hostname="ritika-r" name="TestAssignment.M_QA.m_executableTestClass" tests="1" failures="0" timestamp="2020-08-31T13:55:29 IST" time="9.637" errors="0">
  <testcase name="blazedemo_FlightBookings" time="9.637" classname="TestAssignment.M_QA.m_executableTestClass"/>
  <system-out/>
</testsuite> <!-- TestAssignment.M_QA.m_executableTestClass -->
